<?xml version="1.0" encoding="UTF-8"?>
<!-- Generated by org.testng.reporters.JUnitXMLReporter -->
<testsuite hostname="EPINHYDW0E00" ignored="0" name="Google Test Cases" tests="25" failures="0" timestamp="2022-07-26T15:12:08 IST" time="31.796" errors="0">
  <testcase name="loginTest" time="0.007" classname="com.test.TestngFeatures"/>
  <testcase name="homepageTest" time="0.001" classname="com.test.TestngFeatures"/>
  <testcase name="regPageTest" time="0.002" classname="com.test.TestngFeatures"/>
  <testcase name="searchPageTest" time="0.0" classname="com.test.TestngFeatures"/>
  <testcase name="getImageTest" time="2.196" classname="com.test.GoogleTest"/>
  <testcase name="googleSearchTest" time="0.105" classname="com.test.GoogleTest"/>
  <testcase name="clickGoogletest" time="0.152" classname="com.test.GoogleTest"/>
  <testcase name="googletitle" time="0.008" classname="com.test.GoogleTest"/>
  <testcase name="getGmailTest" time="0.102" classname="com.test.GoogleTest"/>
  <testcase name="getGmailTest" time="0.077" classname="com.test.GoogleTitleTest"/>
  <testcase name="googletitle" time="0.008" classname="com.test.GoogleTitleTest"/>
  <testcase name="gooogleLogoTest" time="0.002" classname="com.test.TestngBasics"/>
  <testcase name="searchTest" time="0.001" classname="com.test.TestngBasics"/>
  <testcase name="titelTest" time="0.001" classname="com.test.TestngBasics"/>
  <testcase name="sum" time="0.001" classname="com.test.InvocationCountTest"/>
  <testcase name="sum" time="0.001" classname="com.test.InvocationCountTest"/>
  <testcase name="sum" time="0.001" classname="com.test.InvocationCountTest"/>
  <testcase name="sum" time="0.001" classname="com.test.InvocationCountTest"/>
  <testcase name="sum" time="0.001" classname="com.test.InvocationCountTest"/>
  <testcase name="sum" time="0.0" classname="com.test.InvocationCountTest"/>
  <testcase name="sum" time="0.001" classname="com.test.InvocationCountTest"/>
  <testcase name="sum" time="0.0" classname="com.test.InvocationCountTest"/>
  <testcase name="sum" time="0.002" classname="com.test.InvocationCountTest"/>
  <testcase name="sum" time="0.001" classname="com.test.InvocationCountTest"/>
  <testcase name="test1" time="0.001" classname="com.test.ExceptionTimeOutTest"/>
</testsuite> <!-- Google Test Cases -->
