<?xml version="1.0" encoding="UTF-8"?>
<!-- Generated by org.testng.reporters.JUnitXMLReporter -->
<testsuite hostname="EPINHYDW0E00" ignored="1" name="Default test(failed)" tests="3" failures="0" timestamp="2022-07-26T11:27:09 IST" time="0.036" errors="0">
  <testcase name="loginTest" time="0.006" classname="com.test.TestngFeatures"/>
  <testcase name="searchPageTest" time="0.0" classname="com.test.TestngFeatures"/>
  <testcase name="homepageTest" time="0.001" classname="com.test.TestngFeatures"/>
  <testcase name="regPageTest" time="0.0" classname="com.test.TestngFeatures">
    <ignored/>
  </testcase> <!-- regPageTest -->
</testsuite> <!-- Default test(failed) -->
